            --------------------------------------------------------
                             AMBER SQM VERSION 19
 
                                     By
              Ross C. Walker, Michael F. Crowley, Scott Brozell,
                         Tim Giese, Andreas W. Goetz,
                        Tai-Sung Lee and David A. Case
 
            --------------------------------------------------------
 

--------------------------------------------------------------------------------
  QM CALCULATION INFO
--------------------------------------------------------------------------------

| QMMM: Citation for AMBER QMMM Run:
| QMMM: R.C. Walker, M.F. Crowley and D.A. Case, J. COMP. CHEM. 29:1019, 2008

QMMM: SINGLET STATE CALCULATION
QMMM: RHF CALCULATION, NO. OF DOUBLY OCCUPIED LEVELS = 23

| QMMM: *** Selected Hamiltonian *** 
| QMMM: AM1         

| QMMM: *** Parameter sets in use ***
| QMMM: C : M.J.S.DEWAR et al. JACS, 107, 3902, (1985)
| QMMM: N : M.J.S.DEWAR et al. JACS, 107, 3902, (1985)
| QMMM: H : M.J.S.DEWAR et al. JACS, 107, 3902, (1985)

| QMMM: *** SCF convergence criteria ***
| QMMM: Energy change                :  0.1D-09 kcal/mol
| QMMM: Error matrix |FP-PF|         :  0.1D+00 au
| QMMM: Density matrix change        :  0.5D-06
| QMMM: Maximum number of SCF cycles :     1000

| QMMM: *** Diagonalization Routine Information ***
| QMMM: Pseudo diagonalizations are allowed.
| QMMM: Auto diagonalization routine selection is in use.
| QMMM:
| QMMM: Timing diagonalization routines:
| QMMM:                              norbs =       44
| QMMM:    diag iterations used for timing =       20
| QMMM:
| QMMM:              Internal diag routine = 0.004695 seconds
| QMMM:                 Dspev diag routine = 0.004404 seconds
| QMMM:                Dspevd diag routine = 0.003210 seconds
| QMMM:                Dspevx diag routine = 0.019579 seconds
| QMMM:                 Dsyev diag routine = 0.004642 seconds
| QMMM:                Dsyevd diag routine = 0.003791 seconds
| QMMM:                Dsyevr diag routine = 0.004731 seconds
| QMMM:
| QMMM:                Pseudo diag routine = 0.001326 seconds
| QMMM:
| QMMM: Using dspevd routine (diag_routine=3).

  QMMM: QM Region Cartesian Coordinates (*=link atom) 
  QMMM: QM_NO.   MM_NO.  ATOM         X         Y         Z
  QMMM:     1        1      C       -1.8240   14.3560  -17.1230
  QMMM:     2        2      C       -2.0350   15.7260  -17.0730
  QMMM:     3        3      C       -1.7370   16.4360  -15.9180
  QMMM:     4        4      C       -1.2460   15.7890  -14.7950
  QMMM:     5        5      C       -1.0200   14.4340  -14.8430
  QMMM:     6        6      C       -1.3080   13.7280  -15.9980
  QMMM:     7        7      C       -2.1380   13.5780  -18.3510
  QMMM:     8        8      N       -2.8170   14.0630  -19.3050
  QMMM:     9        9      N       -1.7420   12.3150  -18.4490
  QMMM:    10       10      H       -2.4140   16.2190  -17.8970
  QMMM:    11       11      H       -1.8830   17.4570  -15.8950
  QMMM:    12       12      H       -1.0520   16.3190  -13.9310
  QMMM:    13       13      H       -0.6360   13.9440  -14.0200
  QMMM:    14       14      H       -1.1350   12.7110  -16.0230
  QMMM:    15       15      H       -3.0050   13.5170  -20.1030
  QMMM:    16       16      H       -1.9480   11.7960  -19.2600
  QMMM:    17       17      H       -1.2430   11.8970  -17.7110

--------------------------------------------------------------------------------
  RESULTS
--------------------------------------------------------------------------------

      iter         sqm energy              rms gradient
      ----    -------------------    -----------------------
xmin    10       43.2056 kcal/mol        1.2609 kcal/(mol*A)
xmin    20       42.4983 kcal/mol        0.1267 kcal/(mol*A)
xmin    30       42.4475 kcal/mol        0.0680 kcal/(mol*A)
xmin    40       42.4370 kcal/mol        0.0345 kcal/(mol*A)
xmin    50       42.4364 kcal/mol        0.0067 kcal/(mol*A)
  ... geometry converged !
 
 Final MO eigenvalues (eV):
 -39.8833  -37.1816  -32.3571  -31.4672  -31.3109  -24.4741  -23.3059  -20.9090
 -18.1873  -17.7199  -17.0196  -15.8637  -15.7476  -14.3311  -14.0895  -13.6585
 -13.0604  -12.2515  -12.0135  -10.8944  -10.0392   -9.7952   -9.5169    0.1573
   0.4177    1.5847    2.6626    2.8273    3.4566    3.8184    3.9160    4.0438
   4.3061    4.4744    4.7703    4.8660    5.0117    5.3694    5.4592    5.5517
   5.5631    5.9210    6.2027    7.2141

 Heat of formation   =         42.43635055 kcal/mol  (        1.84017825 eV)

 Total SCF energy    =     -32737.49477451 kcal/mol  (    -1419.60430053 eV)
 Electronic energy   =    -146785.44732277 kcal/mol  (    -6365.09463262 eV)
 Core-core repulsion =     114047.95254826 kcal/mol  (     4945.49033209 eV)
 
    Atomic Charges for Step       1 :
  Atom    Element       Mulliken Charge
     1      C                 -0.050
     2      C                 -0.082
     3      C                 -0.135
     4      C                 -0.119
     5      C                 -0.133
     6      C                 -0.122
     7      C                  0.129
     8      N                 -0.296
     9      N                 -0.399
    10      H                  0.151
    11      H                  0.136
    12      H                  0.133
    13      H                  0.133
    14      H                  0.128
    15      H                  0.138
    16      H                  0.190
    17      H                  0.199
 Total Mulliken Charge =       0.000
 
                  X        Y        Z     TOTAL  
  QM DIPOLE     1.600   -1.844    0.901    2.602
 
 Final Structure

  QMMM: QM Region Cartesian Coordinates (*=link atom) 
  QMMM: QM_NO.   MM_NO.  ATOM         X         Y         Z
  QMMM:     1        1      C       -1.8814   14.3231  -17.1134
  QMMM:     2        2      C       -1.8531   15.7203  -17.1459
  QMMM:     3        3      C       -1.5382   16.4327  -15.9884
  QMMM:     4        4      C       -1.2577   15.7554  -14.8021
  QMMM:     5        5      C       -1.2945   14.3611  -14.7697
  QMMM:     6        6      C       -1.6055   13.6423  -15.9229
  QMMM:     7        7      C       -2.2197   13.5551  -18.3546
  QMMM:     8        8      N       -3.3073   13.8633  -18.9947
  QMMM:     9        9      N       -1.2444   12.6089  -18.7333
  QMMM:    10       10      H       -2.0863   16.2539  -18.0801
  QMMM:    11       11      H       -1.5153   17.5322  -16.0135
  QMMM:    12       12      H       -1.0108   16.3198  -13.8909
  QMMM:    13       13      H       -1.0812   13.8265  -13.8325
  QMMM:    14       14      H       -1.6471   12.5439  -15.8859
  QMMM:    15       15      H       -3.5050   13.3337  -19.8172
  QMMM:    16       16      H       -1.5389   11.8657  -19.3220
  QMMM:    17       17      H       -0.5968   12.3471  -18.0280

           --------- Calculation Completed ----------

